#! /c/Source/iverilog-install/bin/vvp
:ivl_version "12.0 (devel)" "(s20150603-1539-g2693dd32b)";
:ivl_delay_selection "TYPICAL";
:vpi_time_precision + 0;
:vpi_module "C:\iverilog\lib\ivl\system.vpi";
:vpi_module "C:\iverilog\lib\ivl\vhdl_sys.vpi";
:vpi_module "C:\iverilog\lib\ivl\vhdl_textio.vpi";
:vpi_module "C:\iverilog\lib\ivl\v2005_math.vpi";
:vpi_module "C:\iverilog\lib\ivl\va_math.vpi";
S_000002143caa81c0 .scope module, "andgate_tb" "andgate_tb" 2 1;
 .timescale 0 0;
v000002143caf5de0_0 .var "t_a", 0 0;
v000002143caf5e80_0 .var "t_b", 0 0;
v000002143caabb40_0 .net "t_y", 0 0, L_000002143caf5f20;  1 drivers
S_000002143caf5b10 .scope module, "my_gate" "andgate" 2 12, 3 47 0, S_000002143caa81c0;
 .timescale 0 0;
    .port_info 0 /INPUT 1 "a";
    .port_info 1 /INPUT 1 "b";
    .port_info 2 /OUTPUT 1 "y";
L_000002143caf5f20 .functor AND 1, v000002143caf5de0_0, v000002143caf5e80_0, C4<1>, C4<1>;
v000002143caf5ca0_0 .net "a", 0 0, v000002143caf5de0_0;  1 drivers
v000002143cac30e0_0 .net "b", 0 0, v000002143caf5e80_0;  1 drivers
v000002143caf5d40_0 .net "y", 0 0, L_000002143caf5f20;  alias, 1 drivers
    .scope S_000002143caf5b10;
T_0 ;
    %vpi_call 3 55 "$display", "This is AND - Gatelevel Modeling" {0 0 0};
    %end;
    .thread T_0;
    .scope S_000002143caa81c0;
T_1 ;
    %vpi_call 2 17 "$monitor", "A = %b B= %b Y=%b", v000002143caf5de0_0, v000002143caf5e80_0, v000002143caabb40_0 {0 0 0};
    %pushi/vec4 0, 0, 1;
    %store/vec4 v000002143caf5de0_0, 0, 1;
    %pushi/vec4 0, 0, 1;
    %store/vec4 v000002143caf5e80_0, 0, 1;
    %delay 10, 0;
    %pushi/vec4 0, 0, 1;
    %store/vec4 v000002143caf5de0_0, 0, 1;
    %pushi/vec4 1, 0, 1;
    %store/vec4 v000002143caf5e80_0, 0, 1;
    %delay 10, 0;
    %pushi/vec4 1, 0, 1;
    %store/vec4 v000002143caf5de0_0, 0, 1;
    %pushi/vec4 0, 0, 1;
    %store/vec4 v000002143caf5e80_0, 0, 1;
    %delay 10, 0;
    %pushi/vec4 1, 0, 1;
    %store/vec4 v000002143caf5de0_0, 0, 1;
    %pushi/vec4 1, 0, 1;
    %store/vec4 v000002143caf5e80_0, 0, 1;
    %end;
    .thread T_1;
# The file index is used to find the file name in the following table.
:file_names 4;
    "N/A";
    "<interactive>";
    "and_gate_tb.v";
    "and_gate.v";
